Unity Editor version:    2020.3.34f1 (9a4c9c70452b)
Branch:                  2020.3/release
Build type:              Release
Batch mode:              YES
macOS version:           Version 11.6 (Build 20G165)
Darwin version:          20.6.0
Architecture:            x86_64
Running under Rosetta:   NO
Available memory:        16384 MB
Using pre-set license
Pro License: NO

COMMAND LINE ARGUMENTS:
/Users/uga-eun/Desktop/0.2022_1학기/3. Unity/2020.3.34f1/Unity.app/Contents/MacOS/Unity
-adb2
-batchMode
-noUpm
-name
AssetImportWorker0
-projectPath
/Users/uga-eun/Desktop/Flower-with-three-meals/Flower_with_three_meals
-logFile
Logs/AssetImportWorker0.log
-srvPort
49823
Successfully changed project path to: /Users/uga-eun/Desktop/Flower-with-three-meals/Flower_with_three_meals
/Users/uga-eun/Desktop/Flower-with-three-meals/Flower_with_three_meals
Using Asset Import Pipeline V2.
Refreshing native plugins compatible for Editor in 50.46 ms, found 3 plugins.
Preloading 0 native plugins for Editor in 0.00 ms.
Initialize engine version: 2020.3.34f1 (9a4c9c70452b)
[Subsystems] Discovering subsystems at path /Users/uga-eun/Desktop/0.2022_1학기/3. Unity/2020.3.34f1/Unity.app/Contents/Resources/UnitySubsystems
[Subsystems] Discovering subsystems at path /Users/uga-eun/Desktop/Flower-with-three-meals/Flower_with_three_meals/Assets
GfxDevice: creating device client; threaded=0
2022-05-22 22:58:42.577 Unity[3419:38731] Color LCD preferred device: AMD Radeon Pro 5500M (high power)
2022-05-22 22:58:42.577 Unity[3419:38731] Metal devices available: 2
2022-05-22 22:58:42.577 Unity[3419:38731] 0: AMD Radeon Pro 5500M (high power)
2022-05-22 22:58:42.577 Unity[3419:38731] 1: Intel(R) UHD Graphics 630 (low power)
2022-05-22 22:58:42.577 Unity[3419:38731] Using device AMD Radeon Pro 5500M (high power)
Initializing Metal device caps: AMD Radeon Pro 5500M
Initialize mono
Mono path[0] = '/Users/uga-eun/Desktop/0.2022_1학기/3. Unity/2020.3.34f1/Unity.app/Contents/Managed'
Mono path[1] = '/Users/uga-eun/Desktop/0.2022_1학기/3. Unity/2020.3.34f1/Unity.app/Contents/MonoBleedingEdge/lib/mono/unityjit'
Mono config path = '/Users/uga-eun/Desktop/0.2022_1학기/3. Unity/2020.3.34f1/Unity.app/Contents/MonoBleedingEdge/etc'
Using monoOptions --debugger-agent=transport=dt_socket,embedding=1,server=y,suspend=n,address=127.0.0.1:56419
Begin MonoManager ReloadAssembly
Registering precompiled unity dll's ...
Register platform support module: /Users/uga-eun/Desktop/0.2022_1학기/3. Unity/2020.3.34f1/Unity.app/Contents/PlaybackEngines/MacStandaloneSupport/UnityEditor.OSXStandalone.Extensions.dll
Register platform support module: /Users/uga-eun/Desktop/0.2022_1학기/3. Unity/2020.3.34f1/PlaybackEngines/WindowsStandaloneSupport/UnityEditor.WindowsStandalone.Extensions.dll
Registered in 0.000816 seconds.
Native extension for WindowsStandalone target not found
Native extension for OSXStandalone target not found
Refreshing native plugins compatible for Editor in 41.48 ms, found 3 plugins.
Preloading 0 native plugins for Editor in 0.00 ms.
Mono: successfully reloaded assembly
- Completed reload, in  0.663 seconds
Domain Reload Profiling:
	ReloadAssembly (663ms)
		BeginReloadAssembly (57ms)
			ExecutionOrderSort (0ms)
			DisableScriptedObjects (0ms)
			BackupInstance (0ms)
			ReleaseScriptingObjects (0ms)
			CreateAndSetChildDomain (1ms)
		EndReloadAssembly (530ms)
			LoadAssemblies (56ms)
			RebuildTransferFunctionScriptingTraits (0ms)
			SetupTypeCache (179ms)
			ReleaseScriptCaches (0ms)
			RebuildScriptCaches (40ms)
			SetupLoadedEditorAssemblies (224ms)
				LogAssemblyErrors (0ms)
				InitializePlatformSupportModulesInManaged (8ms)
				SetLoadedEditorAssemblies (0ms)
				RefreshPlugins (42ms)
				BeforeProcessingInitializeOnLoad (35ms)
				ProcessInitializeOnLoadAttributes (109ms)
				ProcessInitializeOnLoadMethodAttributes (31ms)
				AfterProcessingInitializeOnLoad (0ms)
				EditorAssembliesLoaded (0ms)
			ExecutionOrderSort2 (0ms)
			AwakeInstancesAfterBackupRestoration (0ms)
Platform modules already initialized, skipping
Registering precompiled user dll's ...
Registered in 0.001306 seconds.
Begin MonoManager ReloadAssembly
Native extension for WindowsStandalone target not found
Native extension for OSXStandalone target not found
Refreshing native plugins compatible for Editor in 45.38 ms, found 3 plugins.
Preloading 0 native plugins for Editor in 0.00 ms.
Mono: successfully reloaded assembly
- Completed reload, in  1.383 seconds
Domain Reload Profiling:
	ReloadAssembly (1384ms)
		BeginReloadAssembly (171ms)
			ExecutionOrderSort (0ms)
			DisableScriptedObjects (6ms)
			BackupInstance (0ms)
			ReleaseScriptingObjects (0ms)
			CreateAndSetChildDomain (36ms)
		EndReloadAssembly (1140ms)
			LoadAssemblies (117ms)
			RebuildTransferFunctionScriptingTraits (0ms)
			SetupTypeCache (384ms)
			ReleaseScriptCaches (0ms)
			RebuildScriptCaches (73ms)
			SetupLoadedEditorAssemblies (425ms)
				LogAssemblyErrors (0ms)
				InitializePlatformSupportModulesInManaged (4ms)
				SetLoadedEditorAssemblies (0ms)
				RefreshPlugins (45ms)
				BeforeProcessingInitializeOnLoad (88ms)
				ProcessInitializeOnLoadAttributes (252ms)
				ProcessInitializeOnLoadMethodAttributes (32ms)
				AfterProcessingInitializeOnLoad (2ms)
				EditorAssembliesLoaded (0ms)
			ExecutionOrderSort2 (0ms)
			AwakeInstancesAfterBackupRestoration (3ms)
Platform modules already initialized, skipping
Validating Project structure ... 0.000895 seconds.
Shader import version has changed; will reimport all shaders...
Upgrading shader files ...0.001146 seconds.
Application.AssetDatabase Initial Script Refresh Start
RefreshInfo: InitialScriptRefreshV2(NoUpdateAssetOptions) scanfilter:  ... 1 filters
RefreshProfiler: Total: 0.000ms
Application.AssetDatabase Initial Script Refresh End
Application.AssetDatabase.Refresh Start
Application.AssetDatabase.Refresh End
RefreshInfo: StopAssetImportingV2(ForceSynchronousImport) scanfilter: 
RefreshProfiler: Total: 0.000ms
Launching external process: /Users/uga-eun/Desktop/0.2022_1학기/3. Unity/2020.3.34f1/Unity.app/Contents/Tools/UnityShaderCompiler
Launched and connected shader compiler UnityShaderCompiler after 0.01 seconds
Initializing Unity extensions:
========================================================================
Worker process is ready to serve import requests
Refreshing native plugins compatible for Editor in 0.41 ms, found 3 plugins.
Preloading 0 native plugins for Editor in 0.00 ms.
Unloading 2205 Unused Serialized files (Serialized files now loaded: 0)
System memory in use before: 219.3 MB.
System memory in use after: 218.4 MB.

Unloading 105 unused Assets to reduce memory usage. Loaded Objects now: 2676.
Total: 3.613311 ms (FindLiveObjects: 0.170271 ms CreateObjectMapping: 0.083608 ms MarkObjects: 2.820862 ms  DeleteObjects: 0.537937 ms)

AssetImportParameters requested are different than current active one (requested -> active):
  custom:video-decoder-ogg-theora: a1e56fd34408186e4bbccfd4996cb3dc -> 
  custom:container-muxer-webm: aa71ff27fc2769a1b78a27578f13a17b -> 
  custom:container-demuxer-webm: 4f35f7cbe854078d1ac9338744f61a02 -> 
  custom:container-demuxer-ogg: 62fdf1f143b41e24485cea50d1cbac27 -> 
  custom:video-encoder-webm-vp8: eb34c28f22e8b96e1ab97ce403110664 -> 
  custom:framework-osx-AVFoundation: e770b220cccbd017edd2c1fefb359320 -> 
  custom:video-decoder-webm-vp8: 9c59270c3fd7afecdb556c50c9e8de78 -> 
  custom:audio-decoder-ogg-vorbis: bf7c407c2cedff20999df2af8eb42d56 -> 
  custom:audio-encoder-webm-vorbis: bf7c407c2cedff20999df2af8eb42d56 -> 
========================================================================
Received Import Request.
  path: Assets/Resources/image/Seed
  artifactKey: Guid(915b914e78bd84eb9ab4a36702804f3a) Importer(815301076,1909f56bfc062723c751e8b465ee728b)
Start importing Assets/Resources/image/Seed using Guid(915b914e78bd84eb9ab4a36702804f3a) Importer(815301076,1909f56bfc062723c751e8b465ee728b)  -> (artifact id: 'b43c72f647df90437368de8702b86447') in 0.010298 seconds 
========================================================================
Received Import Request.
  Time since last request: 0.000236 seconds.
  path: Assets/Resources/image/Seed/KakaoTalk_Photo_2022-05-16-17-54-00 003.jpeg
  artifactKey: Guid(3a6587cedee9e45689eb133c790d6676) Importer(815301076,1909f56bfc062723c751e8b465ee728b)
Start importing Assets/Resources/image/Seed/KakaoTalk_Photo_2022-05-16-17-54-00 003.jpeg using Guid(3a6587cedee9e45689eb133c790d6676) Importer(815301076,1909f56bfc062723c751e8b465ee728b)  -> (artifact id: 'de1419b9b1032ad747fd5de487063418') in 1.109494 seconds 
========================================================================
Received Import Request.
  Time since last request: 0.000547 seconds.
  path: Assets/Resources/image/Seed/KakaoTalk_Photo_2022-05-16-17-53-59 002.jpeg
  artifactKey: Guid(9b1c0158146ff4a62ac0627ea1a53a81) Importer(815301076,1909f56bfc062723c751e8b465ee728b)
Start importing Assets/Resources/image/Seed/KakaoTalk_Photo_2022-05-16-17-53-59 002.jpeg using Guid(9b1c0158146ff4a62ac0627ea1a53a81) Importer(815301076,1909f56bfc062723c751e8b465ee728b)  -> (artifact id: '29f35b6a5b67da87146c7497757f7cb0') in 0.017603 seconds 
========================================================================
Received Import Request.
  Time since last request: 0.000340 seconds.
  path: Assets/Resources/image/Seed/KakaoTalk_Photo_2022-05-16-17-53-59 001.jpeg
  artifactKey: Guid(d6e52c2c96469459c9917151edefc5e1) Importer(815301076,1909f56bfc062723c751e8b465ee728b)
Start importing Assets/Resources/image/Seed/KakaoTalk_Photo_2022-05-16-17-53-59 001.jpeg using Guid(d6e52c2c96469459c9917151edefc5e1) Importer(815301076,1909f56bfc062723c751e8b465ee728b)  -> (artifact id: '4879fd0955d3b2ab8b589beefb92a000') in 0.024518 seconds 
========================================================================
Received Import Request.
  Time since last request: 0.000214 seconds.
  path: Assets/Resources/image
  artifactKey: Guid(553544e5f096b488d860945e664e67f7) Importer(815301076,1909f56bfc062723c751e8b465ee728b)
Start importing Assets/Resources/image using Guid(553544e5f096b488d860945e664e67f7) Importer(815301076,1909f56bfc062723c751e8b465ee728b)  -> (artifact id: '6ff64693fd0766326b8aa7e48aec4577') in 0.001539 seconds 
========================================================================
Received Import Request.
  Time since last request: 0.000178 seconds.
  path: Assets/Resources/image/Seed/KakaoTalk_Photo_2022-05-16-17-54-00 004.jpeg
  artifactKey: Guid(d5f9f41f24a0446a78a73ad3bfeee389) Importer(815301076,1909f56bfc062723c751e8b465ee728b)
Start importing Assets/Resources/image/Seed/KakaoTalk_Photo_2022-05-16-17-54-00 004.jpeg using Guid(d5f9f41f24a0446a78a73ad3bfeee389) Importer(815301076,1909f56bfc062723c751e8b465ee728b)  -> (artifact id: '45094173926460c2c93ed473c4d2f423') in 0.016283 seconds 
========================================================================
Received Prepare
Registering precompiled user dll's ...
Registered in 0.001498 seconds.
Begin MonoManager ReloadAssembly
Native extension for WindowsStandalone target not found
Native extension for OSXStandalone target not found
Refreshing native plugins compatible for Editor in 0.41 ms, found 3 plugins.
Preloading 0 native plugins for Editor in 0.00 ms.
Mono: successfully reloaded assembly
- Completed reload, in  1.205 seconds
Domain Reload Profiling:
	ReloadAssembly (1206ms)
		BeginReloadAssembly (131ms)
			ExecutionOrderSort (0ms)
			DisableScriptedObjects (8ms)
			BackupInstance (0ms)
			ReleaseScriptingObjects (0ms)
			CreateAndSetChildDomain (61ms)
		EndReloadAssembly (1008ms)
			LoadAssemblies (80ms)
			RebuildTransferFunctionScriptingTraits (0ms)
			SetupTypeCache (342ms)
			ReleaseScriptCaches (1ms)
			RebuildScriptCaches (64ms)
			SetupLoadedEditorAssemblies (393ms)
				LogAssemblyErrors (0ms)
				InitializePlatformSupportModulesInManaged (5ms)
				SetLoadedEditorAssemblies (1ms)
				RefreshPlugins (0ms)
				BeforeProcessingInitializeOnLoad (134ms)
				ProcessInitializeOnLoadAttributes (234ms)
				ProcessInitializeOnLoadMethodAttributes (18ms)
				AfterProcessingInitializeOnLoad (1ms)
				EditorAssembliesLoaded (0ms)
			ExecutionOrderSort2 (0ms)
			AwakeInstancesAfterBackupRestoration (5ms)
Platform modules already initialized, skipping
Refreshing native plugins compatible for Editor in 0.47 ms, found 3 plugins.
Preloading 0 native plugins for Editor in 0.00 ms.
Unloading 2199 Unused Serialized files (Serialized files now loaded: 0)
System memory in use before: 223.6 MB.
System memory in use after: 223.6 MB.

Unloading 21 unused Assets to reduce memory usage. Loaded Objects now: 2685.
Total: 2.885345 ms (FindLiveObjects: 0.139201 ms CreateObjectMapping: 0.065299 ms MarkObjects: 2.585898 ms  DeleteObjects: 0.094336 ms)

AssetImportParameters requested are different than current active one (requested -> active):
  custom:video-decoder-ogg-theora: a1e56fd34408186e4bbccfd4996cb3dc -> 
  custom:container-muxer-webm: aa71ff27fc2769a1b78a27578f13a17b -> 
  custom:container-demuxer-webm: 4f35f7cbe854078d1ac9338744f61a02 -> 
  custom:container-demuxer-ogg: 62fdf1f143b41e24485cea50d1cbac27 -> 
  custom:video-encoder-webm-vp8: eb34c28f22e8b96e1ab97ce403110664 -> 
  custom:framework-osx-AVFoundation: e770b220cccbd017edd2c1fefb359320 -> 
  custom:video-decoder-webm-vp8: 9c59270c3fd7afecdb556c50c9e8de78 -> 
  custom:audio-decoder-ogg-vorbis: bf7c407c2cedff20999df2af8eb42d56 -> 
  custom:audio-encoder-webm-vorbis: bf7c407c2cedff20999df2af8eb42d56 -> 
========================================================================
Received Import Request.
  Time since last request: 124.030800 seconds.
  path: Assets/Resources/image/Background/KakaoTalk_Photo_2022-05-16-17-54-00 005.jpeg
  artifactKey: Guid(90e64b55031e64474a012222dffd25d1) Importer(815301076,1909f56bfc062723c751e8b465ee728b)
Start importing Assets/Resources/image/Background/KakaoTalk_Photo_2022-05-16-17-54-00 005.jpeg using Guid(90e64b55031e64474a012222dffd25d1) Importer(815301076,1909f56bfc062723c751e8b465ee728b)  -> (artifact id: 'bf5807630a74b8ca4ecf6b2d060f4e8a') in 0.059434 seconds 
========================================================================
Received Import Request.
  Time since last request: 14.568323 seconds.
  path: Assets/Resources/image/Flower/KakaoTalk_Photo_2022-05-16-17-31-32 001.jpeg
  artifactKey: Guid(01c87df19691a45d884b456eeef7e1fd) Importer(815301076,1909f56bfc062723c751e8b465ee728b)
Start importing Assets/Resources/image/Flower/KakaoTalk_Photo_2022-05-16-17-31-32 001.jpeg using Guid(01c87df19691a45d884b456eeef7e1fd) Importer(815301076,1909f56bfc062723c751e8b465ee728b)  -> (artifact id: '3d15637d35df08c51bf24d7450d85a46') in 0.029583 seconds 
========================================================================
Received Import Request.
  Time since last request: 0.000203 seconds.
  path: Assets/Resources/image/Flower/KakaoTalk_Photo_2022-05-16-17-33-46 005.jpeg
  artifactKey: Guid(3014d250fca464a5bbc8a05c49327508) Importer(815301076,1909f56bfc062723c751e8b465ee728b)
Start importing Assets/Resources/image/Flower/KakaoTalk_Photo_2022-05-16-17-33-46 005.jpeg using Guid(3014d250fca464a5bbc8a05c49327508) Importer(815301076,1909f56bfc062723c751e8b465ee728b)  -> (artifact id: 'd059e13b3609474dddb5f3a014913cc3') in 0.020283 seconds 
========================================================================
Received Import Request.
  Time since last request: 0.000205 seconds.
  path: Assets/Resources/image/Flower/KakaoTalk_Photo_2022-05-16-17-31-33 011.jpeg
  artifactKey: Guid(a40c42ee4412b40d98d127f121d40b91) Importer(815301076,1909f56bfc062723c751e8b465ee728b)
Start importing Assets/Resources/image/Flower/KakaoTalk_Photo_2022-05-16-17-31-33 011.jpeg using Guid(a40c42ee4412b40d98d127f121d40b91) Importer(815301076,1909f56bfc062723c751e8b465ee728b)  -> (artifact id: '25055e0c8e75d6e50adee183a0d4f72d') in 0.017867 seconds 
========================================================================
Received Import Request.
  Time since last request: 0.000165 seconds.
  path: Assets/Resources/image/Flower/KakaoTalk_Photo_2022-05-16-17-31-33 010.jpeg
  artifactKey: Guid(1d0548ecf83ac4590a6d226e9583ec16) Importer(815301076,1909f56bfc062723c751e8b465ee728b)
Start importing Assets/Resources/image/Flower/KakaoTalk_Photo_2022-05-16-17-31-33 010.jpeg using Guid(1d0548ecf83ac4590a6d226e9583ec16) Importer(815301076,1909f56bfc062723c751e8b465ee728b)  -> (artifact id: '58665bbdb78d9aa58b9b2e712fed03ba') in 0.019912 seconds 
========================================================================
Received Import Request.
  Time since last request: 0.000150 seconds.
  path: Assets/Resources/image/Flower/KakaoTalk_Photo_2022-05-16-17-33-46 001.jpeg
  artifactKey: Guid(7699846c7a1004123b251f26223c14cd) Importer(815301076,1909f56bfc062723c751e8b465ee728b)
Start importing Assets/Resources/image/Flower/KakaoTalk_Photo_2022-05-16-17-33-46 001.jpeg using Guid(7699846c7a1004123b251f26223c14cd) Importer(815301076,1909f56bfc062723c751e8b465ee728b)  -> (artifact id: '226600fb0c6b6a8c288fcdfa10c99a94') in 0.022749 seconds 
========================================================================
Received Import Request.
  Time since last request: 0.000175 seconds.
  path: Assets/Resources/image/Flower/KakaoTalk_Photo_2022-05-16-17-31-33 006.jpeg
  artifactKey: Guid(df360a5682ffb47dd9ef281b67c2ee4b) Importer(815301076,1909f56bfc062723c751e8b465ee728b)
Start importing Assets/Resources/image/Flower/KakaoTalk_Photo_2022-05-16-17-31-33 006.jpeg using Guid(df360a5682ffb47dd9ef281b67c2ee4b) Importer(815301076,1909f56bfc062723c751e8b465ee728b)  -> (artifact id: 'bef3622e854d6d4a942cb96bd4bc62bc') in 0.016482 seconds 
========================================================================
Received Import Request.
  Time since last request: 0.000159 seconds.
  path: Assets/Resources/image/Flower/KakaoTalk_Photo_2022-05-16-17-31-33 005.jpeg
  artifactKey: Guid(98c09b4789ab5455590f7552f8b8608b) Importer(815301076,1909f56bfc062723c751e8b465ee728b)
Start importing Assets/Resources/image/Flower/KakaoTalk_Photo_2022-05-16-17-31-33 005.jpeg using Guid(98c09b4789ab5455590f7552f8b8608b) Importer(815301076,1909f56bfc062723c751e8b465ee728b)  -> (artifact id: '00ea29f26dde7efd1b9a4d519015b18f') in 0.016080 seconds 
========================================================================
Received Import Request.
  Time since last request: 0.000180 seconds.
  path: Assets/Resources/image/Flower/KakaoTalk_Photo_2022-05-16-17-31-33 002.jpeg
  artifactKey: Guid(ff81943a0417d48a9b26ae858d8b0195) Importer(815301076,1909f56bfc062723c751e8b465ee728b)
Start importing Assets/Resources/image/Flower/KakaoTalk_Photo_2022-05-16-17-31-33 002.jpeg using Guid(ff81943a0417d48a9b26ae858d8b0195) Importer(815301076,1909f56bfc062723c751e8b465ee728b)  -> (artifact id: 'e38f4d3d4082966d0beb6ccf3f36d886') in 0.015029 seconds 
========================================================================
Received Import Request.
  Time since last request: 0.000154 seconds.
  path: Assets/Resources/image/Flower/KakaoTalk_Photo_2022-05-16-17-33-46 003.jpeg
  artifactKey: Guid(24dfcef4a435e4bdba7422c8314445ae) Importer(815301076,1909f56bfc062723c751e8b465ee728b)
Start importing Assets/Resources/image/Flower/KakaoTalk_Photo_2022-05-16-17-33-46 003.jpeg using Guid(24dfcef4a435e4bdba7422c8314445ae) Importer(815301076,1909f56bfc062723c751e8b465ee728b)  -> (artifact id: '26fe95a22bf4cb2a8c92ddcd3318aab3') in 0.017885 seconds 
========================================================================
Received Import Request.
  Time since last request: 0.000247 seconds.
  path: Assets/Resources/image/Flower/KakaoTalk_Photo_2022-05-16-17-31-33 013.jpeg
  artifactKey: Guid(8705b85064c1449e0b370ba4682cb643) Importer(815301076,1909f56bfc062723c751e8b465ee728b)
Start importing Assets/Resources/image/Flower/KakaoTalk_Photo_2022-05-16-17-31-33 013.jpeg using Guid(8705b85064c1449e0b370ba4682cb643) Importer(815301076,1909f56bfc062723c751e8b465ee728b)  -> (artifact id: '5147747af63c292b7d90a4b9210d9684') in 0.018466 seconds 
========================================================================
Received Import Request.
  Time since last request: 0.000182 seconds.
  path: Assets/Resources/image/Flower/KakaoTalk_Photo_2022-05-16-17-31-33 007.jpeg
  artifactKey: Guid(744f00998465c42ee8ecb020fd491e63) Importer(815301076,1909f56bfc062723c751e8b465ee728b)
Start importing Assets/Resources/image/Flower/KakaoTalk_Photo_2022-05-16-17-31-33 007.jpeg using Guid(744f00998465c42ee8ecb020fd491e63) Importer(815301076,1909f56bfc062723c751e8b465ee728b)  -> (artifact id: '66b55c8c9946964ef02474db54a63b8d') in 0.015004 seconds 
========================================================================
Received Import Request.
  Time since last request: 0.000221 seconds.
  path: Assets/Resources/image/Flower/KakaoTalk_Photo_2022-05-16-17-33-46 004.jpeg
  artifactKey: Guid(e6d1209fde42d4b908fbda31e34047bd) Importer(815301076,1909f56bfc062723c751e8b465ee728b)
Start importing Assets/Resources/image/Flower/KakaoTalk_Photo_2022-05-16-17-33-46 004.jpeg using Guid(e6d1209fde42d4b908fbda31e34047bd) Importer(815301076,1909f56bfc062723c751e8b465ee728b)  -> (artifact id: '7e4102f9983c6e228d6cd36159d69061') in 0.022350 seconds 
========================================================================
Received Import Request.
  Time since last request: 0.000177 seconds.
  path: Assets/Resources/image/Flower/KakaoTalk_Photo_2022-05-16-17-33-46 002.jpeg
  artifactKey: Guid(735fb51fc23334679887a5fe2353279e) Importer(815301076,1909f56bfc062723c751e8b465ee728b)
Start importing Assets/Resources/image/Flower/KakaoTalk_Photo_2022-05-16-17-33-46 002.jpeg using Guid(735fb51fc23334679887a5fe2353279e) Importer(815301076,1909f56bfc062723c751e8b465ee728b)  -> (artifact id: '972be985b2a52b7d501eef09056cdabf') in 0.016980 seconds 
========================================================================
Received Import Request.
  Time since last request: 49.278563 seconds.
  path: Assets/Resources/image/Seed/씨앗_1.png
  artifactKey: Guid(9065b5b04d91244a99c1e3daf92b4e5b) Importer(815301076,1909f56bfc062723c751e8b465ee728b)
Start importing Assets/Resources/image/Seed/씨앗_1.png using Guid(9065b5b04d91244a99c1e3daf92b4e5b) Importer(815301076,1909f56bfc062723c751e8b465ee728b)  -> (artifact id: '801833299cd8c74b223e064fbe80cbdd') in 0.933965 seconds 
========================================================================
Received Import Request.
  Time since last request: 0.000252 seconds.
  path: Assets/Resources/image/Seed/씨앗_2.png
  artifactKey: Guid(8e36d7575af064f37abaefb1c9e27dee) Importer(815301076,1909f56bfc062723c751e8b465ee728b)
Start importing Assets/Resources/image/Seed/씨앗_2.png using Guid(8e36d7575af064f37abaefb1c9e27dee) Importer(815301076,1909f56bfc062723c751e8b465ee728b)  -> (artifact id: '08a5612d9a457305d31ab32f9754522d') in 0.014610 seconds 
========================================================================
Received Import Request.
  Time since last request: 0.000388 seconds.
  path: Assets/Resources/image/Seed/씨앗_3.png
  artifactKey: Guid(bdbf19a5c3b9e4f18aa6f2bc9f36f59c) Importer(815301076,1909f56bfc062723c751e8b465ee728b)
Start importing Assets/Resources/image/Seed/씨앗_3.png using Guid(bdbf19a5c3b9e4f18aa6f2bc9f36f59c) Importer(815301076,1909f56bfc062723c751e8b465ee728b)  -> (artifact id: 'd526cb0d04659483d2f660ed6ab11050') in 0.016311 seconds 
========================================================================
Received Import Request.
  Time since last request: 0.000265 seconds.
  path: Assets/Resources/image/Seed/씨앗_4.png
  artifactKey: Guid(ed2bfcfe1ee3748f8bdd5fdc04b5e6ad) Importer(815301076,1909f56bfc062723c751e8b465ee728b)
Start importing Assets/Resources/image/Seed/씨앗_4.png using Guid(ed2bfcfe1ee3748f8bdd5fdc04b5e6ad) Importer(815301076,1909f56bfc062723c751e8b465ee728b)  -> (artifact id: 'b22de6d22821285d62237a2396aa9e8e') in 0.013466 seconds 
========================================================================
Received Import Request.
  Time since last request: 390.546516 seconds.
  path: Assets/Resources/font/NanumBarunpenR.otf
  artifactKey: Guid(57d8aabba179a4d33823308b61793884) Importer(815301076,1909f56bfc062723c751e8b465ee728b)
Start importing Assets/Resources/font/NanumBarunpenR.otf using Guid(57d8aabba179a4d33823308b61793884) Importer(815301076,1909f56bfc062723c751e8b465ee728b)  -> (artifact id: '1d9c5a943a0dcceaa567c6dbca052d39') in 2.036631 seconds 
========================================================================
Received Import Request.
  Time since last request: 323.202956 seconds.
  path: ProjectSettings/TagManager.asset
  artifactKey: Guid(00000000000000003000000000000000) Importer(815301076,1909f56bfc062723c751e8b465ee728b)
Start importing ProjectSettings/TagManager.asset using Guid(00000000000000003000000000000000) Importer(815301076,1909f56bfc062723c751e8b465ee728b)  -> (artifact id: '95df672b4aaba54310d34c83eef51bb8') in 1.061340 seconds 
========================================================================
Received Import Request.
  Time since last request: 60.815081 seconds.
  path: Assets/Script
  artifactKey: Guid(4676c93efb80e4b8e91cc4feba7bdb32) Importer(815301076,1909f56bfc062723c751e8b465ee728b)
Start importing Assets/Script using Guid(4676c93efb80e4b8e91cc4feba7bdb32) Importer(815301076,1909f56bfc062723c751e8b465ee728b)  -> (artifact id: 'a961e39047137430b9967ebaee1bd5f8') in 0.001783 seconds 
========================================================================
Received Import Request.
  Time since last request: 11.311027 seconds.
  path: Assets/Script/NewBehaviourScript.cs
  artifactKey: Guid(0bf6faa9939aa4c56a22cc17b3cb8cd1) Importer(815301076,1909f56bfc062723c751e8b465ee728b)
Start importing Assets/Script/NewBehaviourScript.cs using Guid(0bf6faa9939aa4c56a22cc17b3cb8cd1) Importer(815301076,1909f56bfc062723c751e8b465ee728b)  -> (artifact id: '6bd2ed0a45a0e8f7070db80ca1df5615') in 0.343789 seconds 
========================================================================
Received Prepare
Registering precompiled user dll's ...
Registered in 0.003104 seconds.
Begin MonoManager ReloadAssembly
Native extension for WindowsStandalone target not found
Native extension for OSXStandalone target not found
Refreshing native plugins compatible for Editor in 0.41 ms, found 3 plugins.
Preloading 0 native plugins for Editor in 0.00 ms.
Mono: successfully reloaded assembly
- Completed reload, in  1.187 seconds
Domain Reload Profiling:
	ReloadAssembly (1188ms)
		BeginReloadAssembly (132ms)
			ExecutionOrderSort (0ms)
			DisableScriptedObjects (6ms)
			BackupInstance (0ms)
			ReleaseScriptingObjects (0ms)
			CreateAndSetChildDomain (66ms)
		EndReloadAssembly (989ms)
			LoadAssemblies (80ms)
			RebuildTransferFunctionScriptingTraits (0ms)
			SetupTypeCache (350ms)
			ReleaseScriptCaches (1ms)
			RebuildScriptCaches (58ms)
			SetupLoadedEditorAssemblies (376ms)
				LogAssemblyErrors (0ms)
				InitializePlatformSupportModulesInManaged (5ms)
				SetLoadedEditorAssemblies (1ms)
				RefreshPlugins (0ms)
				BeforeProcessingInitializeOnLoad (128ms)
				ProcessInitializeOnLoadAttributes (224ms)
				ProcessInitializeOnLoadMethodAttributes (17ms)
				AfterProcessingInitializeOnLoad (1ms)
				EditorAssembliesLoaded (0ms)
			ExecutionOrderSort2 (0ms)
			AwakeInstancesAfterBackupRestoration (4ms)
Platform modules already initialized, skipping
Refreshing native plugins compatible for Editor in 0.44 ms, found 3 plugins.
Preloading 0 native plugins for Editor in 0.00 ms.
Unloading 2199 Unused Serialized files (Serialized files now loaded: 0)
System memory in use before: 241.4 MB.
System memory in use after: 241.5 MB.

Unloading 21 unused Assets to reduce memory usage. Loaded Objects now: 2757.
Total: 2.934486 ms (FindLiveObjects: 0.156706 ms CreateObjectMapping: 0.081085 ms MarkObjects: 2.587545 ms  DeleteObjects: 0.108533 ms)

AssetImportParameters requested are different than current active one (requested -> active):
  custom:video-decoder-ogg-theora: a1e56fd34408186e4bbccfd4996cb3dc -> 
  custom:container-muxer-webm: aa71ff27fc2769a1b78a27578f13a17b -> 
  custom:container-demuxer-webm: 4f35f7cbe854078d1ac9338744f61a02 -> 
  custom:container-demuxer-ogg: 62fdf1f143b41e24485cea50d1cbac27 -> 
  custom:video-encoder-webm-vp8: eb34c28f22e8b96e1ab97ce403110664 -> 
  custom:framework-osx-AVFoundation: e770b220cccbd017edd2c1fefb359320 -> 
  custom:video-decoder-webm-vp8: 9c59270c3fd7afecdb556c50c9e8de78 -> 
  custom:audio-decoder-ogg-vorbis: bf7c407c2cedff20999df2af8eb42d56 -> 
  custom:audio-encoder-webm-vorbis: bf7c407c2cedff20999df2af8eb42d56 -> 
========================================================================
Received Import Request.
  Time since last request: 9.074054 seconds.
  path: Assets/Script/Scene3
  artifactKey: Guid(a55429eff35bd419c96e60a4a6b27e08) Importer(815301076,1909f56bfc062723c751e8b465ee728b)
Start importing Assets/Script/Scene3 using Guid(a55429eff35bd419c96e60a4a6b27e08) Importer(815301076,1909f56bfc062723c751e8b465ee728b)  -> (artifact id: '9f8ac412820c368fa3eb92cefcf3cf3f') in 0.003995 seconds 
========================================================================
Received Import Request.
  Time since last request: 10.292320 seconds.
  path: Assets/Script/Scene3/Flower.cs
  artifactKey: Guid(3c70e1bac45184b0f878553f2f7b2311) Importer(815301076,1909f56bfc062723c751e8b465ee728b)
Start importing Assets/Script/Scene3/Flower.cs using Guid(3c70e1bac45184b0f878553f2f7b2311) Importer(815301076,1909f56bfc062723c751e8b465ee728b)  -> (artifact id: '22f14a1d283d9be63238166df847df7b') in 0.002796 seconds 
========================================================================
Received Prepare
Registering precompiled user dll's ...
Registered in 0.004294 seconds.
Begin MonoManager ReloadAssembly
Native extension for WindowsStandalone target not found
Native extension for OSXStandalone target not found
Refreshing native plugins compatible for Editor in 0.40 ms, found 3 plugins.
Preloading 0 native plugins for Editor in 0.00 ms.
Mono: successfully reloaded assembly
- Completed reload, in  1.147 seconds
Domain Reload Profiling:
	ReloadAssembly (1147ms)
		BeginReloadAssembly (135ms)
			ExecutionOrderSort (0ms)
			DisableScriptedObjects (8ms)
			BackupInstance (0ms)
			ReleaseScriptingObjects (0ms)
			CreateAndSetChildDomain (67ms)
		EndReloadAssembly (944ms)
			LoadAssemblies (81ms)
			RebuildTransferFunctionScriptingTraits (0ms)
			SetupTypeCache (315ms)
			ReleaseScriptCaches (1ms)
			RebuildScriptCaches (57ms)
			SetupLoadedEditorAssemblies (381ms)
				LogAssemblyErrors (0ms)
				InitializePlatformSupportModulesInManaged (5ms)
				SetLoadedEditorAssemblies (1ms)
				RefreshPlugins (0ms)
				BeforeProcessingInitializeOnLoad (130ms)
				ProcessInitializeOnLoadAttributes (226ms)
				ProcessInitializeOnLoadMethodAttributes (17ms)
				AfterProcessingInitializeOnLoad (1ms)
				EditorAssembliesLoaded (0ms)
			ExecutionOrderSort2 (0ms)
			AwakeInstancesAfterBackupRestoration (5ms)
Platform modules already initialized, skipping
Refreshing native plugins compatible for Editor in 0.46 ms, found 3 plugins.
Preloading 0 native plugins for Editor in 0.00 ms.
Unloading 2200 Unused Serialized files (Serialized files now loaded: 0)
System memory in use before: 241.8 MB.
System memory in use after: 241.8 MB.

Unloading 20 unused Assets to reduce memory usage. Loaded Objects now: 2761.
Total: 2.923878 ms (FindLiveObjects: 0.154151 ms CreateObjectMapping: 0.081032 ms MarkObjects: 2.599907 ms  DeleteObjects: 0.088126 ms)

AssetImportParameters requested are different than current active one (requested -> active):
  custom:video-decoder-ogg-theora: a1e56fd34408186e4bbccfd4996cb3dc -> 
  custom:container-muxer-webm: aa71ff27fc2769a1b78a27578f13a17b -> 
  custom:container-demuxer-webm: 4f35f7cbe854078d1ac9338744f61a02 -> 
  custom:container-demuxer-ogg: 62fdf1f143b41e24485cea50d1cbac27 -> 
  custom:video-encoder-webm-vp8: eb34c28f22e8b96e1ab97ce403110664 -> 
  custom:framework-osx-AVFoundation: e770b220cccbd017edd2c1fefb359320 -> 
  custom:video-decoder-webm-vp8: 9c59270c3fd7afecdb556c50c9e8de78 -> 
  custom:audio-decoder-ogg-vorbis: bf7c407c2cedff20999df2af8eb42d56 -> 
  custom:audio-encoder-webm-vorbis: bf7c407c2cedff20999df2af8eb42d56 -> 
========================================================================
Received Prepare
Registering precompiled user dll's ...
Registered in 0.001302 seconds.
Begin MonoManager ReloadAssembly
Native extension for WindowsStandalone target not found
Native extension for OSXStandalone target not found
Refreshing native plugins compatible for Editor in 0.42 ms, found 3 plugins.
Preloading 0 native plugins for Editor in 0.00 ms.
Mono: successfully reloaded assembly
- Completed reload, in  1.205 seconds
Domain Reload Profiling:
	ReloadAssembly (1205ms)
		BeginReloadAssembly (135ms)
			ExecutionOrderSort (0ms)
			DisableScriptedObjects (7ms)
			BackupInstance (0ms)
			ReleaseScriptingObjects (0ms)
			CreateAndSetChildDomain (68ms)
		EndReloadAssembly (1009ms)
			LoadAssemblies (78ms)
			RebuildTransferFunctionScriptingTraits (0ms)
			SetupTypeCache (343ms)
			ReleaseScriptCaches (1ms)
			RebuildScriptCaches (62ms)
			SetupLoadedEditorAssemblies (397ms)
				LogAssemblyErrors (0ms)
				InitializePlatformSupportModulesInManaged (7ms)
				SetLoadedEditorAssemblies (1ms)
				RefreshPlugins (0ms)
				BeforeProcessingInitializeOnLoad (133ms)
				ProcessInitializeOnLoadAttributes (235ms)
				ProcessInitializeOnLoadMethodAttributes (20ms)
				AfterProcessingInitializeOnLoad (1ms)
				EditorAssembliesLoaded (0ms)
			ExecutionOrderSort2 (0ms)
			AwakeInstancesAfterBackupRestoration (5ms)
Platform modules already initialized, skipping
Refreshing native plugins compatible for Editor in 0.38 ms, found 3 plugins.
Preloading 0 native plugins for Editor in 0.00 ms.
Unloading 2199 Unused Serialized files (Serialized files now loaded: 0)
System memory in use before: 241.9 MB.
System memory in use after: 242.0 MB.

Unloading 21 unused Assets to reduce memory usage. Loaded Objects now: 2763.
Total: 3.091492 ms (FindLiveObjects: 0.171434 ms CreateObjectMapping: 0.076545 ms MarkObjects: 2.746319 ms  DeleteObjects: 0.096598 ms)

AssetImportParameters requested are different than current active one (requested -> active):
  custom:video-decoder-ogg-theora: a1e56fd34408186e4bbccfd4996cb3dc -> 
  custom:container-muxer-webm: aa71ff27fc2769a1b78a27578f13a17b -> 
  custom:container-demuxer-webm: 4f35f7cbe854078d1ac9338744f61a02 -> 
  custom:container-demuxer-ogg: 62fdf1f143b41e24485cea50d1cbac27 -> 
  custom:video-encoder-webm-vp8: eb34c28f22e8b96e1ab97ce403110664 -> 
  custom:framework-osx-AVFoundation: e770b220cccbd017edd2c1fefb359320 -> 
  custom:video-decoder-webm-vp8: 9c59270c3fd7afecdb556c50c9e8de78 -> 
  custom:audio-decoder-ogg-vorbis: bf7c407c2cedff20999df2af8eb42d56 -> 
  custom:audio-encoder-webm-vorbis: bf7c407c2cedff20999df2af8eb42d56 -> 
========================================================================
Received Import Request.
  Time since last request: 88.847906 seconds.
  path: Assets/Script/Scene3/FlowerPlant.cs
  artifactKey: Guid(707cc490cba9644e9aa8c7dd94959573) Importer(815301076,1909f56bfc062723c751e8b465ee728b)
Start importing Assets/Script/Scene3/FlowerPlant.cs using Guid(707cc490cba9644e9aa8c7dd94959573) Importer(815301076,1909f56bfc062723c751e8b465ee728b)  -> (artifact id: '98646e1daef0d59e12dd803c10358e30') in 0.006000 seconds 
========================================================================
Received Prepare
Registering precompiled user dll's ...
Registered in 0.004902 seconds.
Begin MonoManager ReloadAssembly
Native extension for WindowsStandalone target not found
Native extension for OSXStandalone target not found
Refreshing native plugins compatible for Editor in 0.44 ms, found 3 plugins.
Preloading 0 native plugins for Editor in 0.00 ms.
Mono: successfully reloaded assembly
- Completed reload, in  1.218 seconds
Domain Reload Profiling:
	ReloadAssembly (1219ms)
		BeginReloadAssembly (140ms)
			ExecutionOrderSort (0ms)
			DisableScriptedObjects (7ms)
			BackupInstance (0ms)
			ReleaseScriptingObjects (0ms)
			CreateAndSetChildDomain (67ms)
		EndReloadAssembly (1004ms)
			LoadAssemblies (86ms)
			RebuildTransferFunctionScriptingTraits (0ms)
			SetupTypeCache (344ms)
			ReleaseScriptCaches (1ms)
			RebuildScriptCaches (64ms)
			SetupLoadedEditorAssemblies (387ms)
				LogAssemblyErrors (0ms)
				InitializePlatformSupportModulesInManaged (5ms)
				SetLoadedEditorAssemblies (1ms)
				RefreshPlugins (0ms)
				BeforeProcessingInitializeOnLoad (134ms)
				ProcessInitializeOnLoadAttributes (225ms)
				ProcessInitializeOnLoadMethodAttributes (20ms)
				AfterProcessingInitializeOnLoad (2ms)
				EditorAssembliesLoaded (0ms)
			ExecutionOrderSort2 (0ms)
			AwakeInstancesAfterBackupRestoration (6ms)
Platform modules already initialized, skipping
Refreshing native plugins compatible for Editor in 0.42 ms, found 3 plugins.
Preloading 0 native plugins for Editor in 0.00 ms.
Unloading 2200 Unused Serialized files (Serialized files now loaded: 0)
System memory in use before: 242.2 MB.
System memory in use after: 242.3 MB.

Unloading 20 unused Assets to reduce memory usage. Loaded Objects now: 2767.
Total: 3.716200 ms (FindLiveObjects: 0.193592 ms CreateObjectMapping: 0.093221 ms MarkObjects: 3.326378 ms  DeleteObjects: 0.102271 ms)

AssetImportParameters requested are different than current active one (requested -> active):
  custom:video-decoder-ogg-theora: a1e56fd34408186e4bbccfd4996cb3dc -> 
  custom:container-muxer-webm: aa71ff27fc2769a1b78a27578f13a17b -> 
  custom:container-demuxer-webm: 4f35f7cbe854078d1ac9338744f61a02 -> 
  custom:container-demuxer-ogg: 62fdf1f143b41e24485cea50d1cbac27 -> 
  custom:video-encoder-webm-vp8: eb34c28f22e8b96e1ab97ce403110664 -> 
  custom:framework-osx-AVFoundation: e770b220cccbd017edd2c1fefb359320 -> 
  custom:video-decoder-webm-vp8: 9c59270c3fd7afecdb556c50c9e8de78 -> 
  custom:audio-decoder-ogg-vorbis: bf7c407c2cedff20999df2af8eb42d56 -> 
  custom:audio-encoder-webm-vorbis: bf7c407c2cedff20999df2af8eb42d56 -> 
========================================================================
Received Prepare
Registering precompiled user dll's ...
Registered in 0.002175 seconds.
Begin MonoManager ReloadAssembly
Native extension for WindowsStandalone target not found
Native extension for OSXStandalone target not found
Refreshing native plugins compatible for Editor in 0.42 ms, found 3 plugins.
Preloading 0 native plugins for Editor in 0.00 ms.
Mono: successfully reloaded assembly
- Completed reload, in  1.156 seconds
Domain Reload Profiling:
	ReloadAssembly (1156ms)
		BeginReloadAssembly (139ms)
			ExecutionOrderSort (0ms)
			DisableScriptedObjects (7ms)
			BackupInstance (0ms)
			ReleaseScriptingObjects (0ms)
			CreateAndSetChildDomain (74ms)
		EndReloadAssembly (951ms)
			LoadAssemblies (78ms)
			RebuildTransferFunctionScriptingTraits (0ms)
			SetupTypeCache (313ms)
			ReleaseScriptCaches (1ms)
			RebuildScriptCaches (58ms)
			SetupLoadedEditorAssemblies (386ms)
				LogAssemblyErrors (0ms)
				InitializePlatformSupportModulesInManaged (5ms)
				SetLoadedEditorAssemblies (1ms)
				RefreshPlugins (0ms)
				BeforeProcessingInitializeOnLoad (135ms)
				ProcessInitializeOnLoadAttributes (226ms)
				ProcessInitializeOnLoadMethodAttributes (18ms)
				AfterProcessingInitializeOnLoad (1ms)
				EditorAssembliesLoaded (0ms)
			ExecutionOrderSort2 (0ms)
			AwakeInstancesAfterBackupRestoration (5ms)
Platform modules already initialized, skipping
Refreshing native plugins compatible for Editor in 0.39 ms, found 3 plugins.
Preloading 0 native plugins for Editor in 0.00 ms.
Unloading 2200 Unused Serialized files (Serialized files now loaded: 0)
System memory in use before: 242.4 MB.
System memory in use after: 242.5 MB.

Unloading 20 unused Assets to reduce memory usage. Loaded Objects now: 2770.
Total: 2.569081 ms (FindLiveObjects: 0.147352 ms CreateObjectMapping: 0.079128 ms MarkObjects: 2.246198 ms  DeleteObjects: 0.095883 ms)

AssetImportParameters requested are different than current active one (requested -> active):
  custom:video-decoder-ogg-theora: a1e56fd34408186e4bbccfd4996cb3dc -> 
  custom:container-muxer-webm: aa71ff27fc2769a1b78a27578f13a17b -> 
  custom:container-demuxer-webm: 4f35f7cbe854078d1ac9338744f61a02 -> 
  custom:container-demuxer-ogg: 62fdf1f143b41e24485cea50d1cbac27 -> 
  custom:video-encoder-webm-vp8: eb34c28f22e8b96e1ab97ce403110664 -> 
  custom:framework-osx-AVFoundation: e770b220cccbd017edd2c1fefb359320 -> 
  custom:video-decoder-webm-vp8: 9c59270c3fd7afecdb556c50c9e8de78 -> 
  custom:audio-decoder-ogg-vorbis: bf7c407c2cedff20999df2af8eb42d56 -> 
  custom:audio-encoder-webm-vorbis: bf7c407c2cedff20999df2af8eb42d56 -> 
========================================================================
Received Import Request.
  Time since last request: 290.581813 seconds.
  path: Assets/Script/Scene3/FlowerPlant.cs
  artifactKey: Guid(707cc490cba9644e9aa8c7dd94959573) Importer(815301076,1909f56bfc062723c751e8b465ee728b)
Start importing Assets/Script/Scene3/FlowerPlant.cs using Guid(707cc490cba9644e9aa8c7dd94959573) Importer(815301076,1909f56bfc062723c751e8b465ee728b)  -> (artifact id: '15c48eba9c741204511dc72e19701eea') in 0.004094 seconds 
========================================================================
Received Prepare
Registering precompiled user dll's ...
Registered in 0.005109 seconds.
Begin MonoManager ReloadAssembly
Native extension for WindowsStandalone target not found
Native extension for OSXStandalone target not found
Refreshing native plugins compatible for Editor in 0.46 ms, found 3 plugins.
Preloading 0 native plugins for Editor in 0.00 ms.
Mono: successfully reloaded assembly
- Completed reload, in  1.283 seconds
Domain Reload Profiling:
	ReloadAssembly (1283ms)
		BeginReloadAssembly (155ms)
			ExecutionOrderSort (0ms)
			DisableScriptedObjects (9ms)
			BackupInstance (0ms)
			ReleaseScriptingObjects (0ms)
			CreateAndSetChildDomain (78ms)
		EndReloadAssembly (1053ms)
			LoadAssemblies (93ms)
			RebuildTransferFunctionScriptingTraits (0ms)
			SetupTypeCache (365ms)
			ReleaseScriptCaches (1ms)
			RebuildScriptCaches (63ms)
			SetupLoadedEditorAssemblies (408ms)
				LogAssemblyErrors (0ms)
				InitializePlatformSupportModulesInManaged (5ms)
				SetLoadedEditorAssemblies (1ms)
				RefreshPlugins (0ms)
				BeforeProcessingInitializeOnLoad (133ms)
				ProcessInitializeOnLoadAttributes (247ms)
				ProcessInitializeOnLoadMethodAttributes (20ms)
				AfterProcessingInitializeOnLoad (1ms)
				EditorAssembliesLoaded (0ms)
			ExecutionOrderSort2 (0ms)
			AwakeInstancesAfterBackupRestoration (5ms)
Platform modules already initialized, skipping
Refreshing native plugins compatible for Editor in 0.40 ms, found 3 plugins.
Preloading 0 native plugins for Editor in 0.00 ms.
Unloading 2200 Unused Serialized files (Serialized files now loaded: 0)
System memory in use before: 242.5 MB.
System memory in use after: 242.6 MB.

Unloading 20 unused Assets to reduce memory usage. Loaded Objects now: 2773.
Total: 2.768429 ms (FindLiveObjects: 0.152963 ms CreateObjectMapping: 0.079277 ms MarkObjects: 2.441067 ms  DeleteObjects: 0.094578 ms)

AssetImportParameters requested are different than current active one (requested -> active):
  custom:video-decoder-ogg-theora: a1e56fd34408186e4bbccfd4996cb3dc -> 
  custom:container-muxer-webm: aa71ff27fc2769a1b78a27578f13a17b -> 
  custom:container-demuxer-webm: 4f35f7cbe854078d1ac9338744f61a02 -> 
  custom:container-demuxer-ogg: 62fdf1f143b41e24485cea50d1cbac27 -> 
  custom:video-encoder-webm-vp8: eb34c28f22e8b96e1ab97ce403110664 -> 
  custom:framework-osx-AVFoundation: e770b220cccbd017edd2c1fefb359320 -> 
  custom:video-decoder-webm-vp8: 9c59270c3fd7afecdb556c50c9e8de78 -> 
  custom:audio-decoder-ogg-vorbis: bf7c407c2cedff20999df2af8eb42d56 -> 
  custom:audio-encoder-webm-vorbis: bf7c407c2cedff20999df2af8eb42d56 -> 
========================================================================
Received Import Request.
  Time since last request: 13.459855 seconds.
  path: Assets/Script/Scene3/FlowerPlant.cs
  artifactKey: Guid(707cc490cba9644e9aa8c7dd94959573) Importer(815301076,1909f56bfc062723c751e8b465ee728b)
Start importing Assets/Script/Scene3/FlowerPlant.cs using Guid(707cc490cba9644e9aa8c7dd94959573) Importer(815301076,1909f56bfc062723c751e8b465ee728b)  -> (artifact id: '0ae996557a5b212493e27b0726c2f460') in 0.004369 seconds 
========================================================================
Received Prepare
Registering precompiled user dll's ...
Registered in 0.001298 seconds.
Begin MonoManager ReloadAssembly
Native extension for WindowsStandalone target not found
Native extension for OSXStandalone target not found
Refreshing native plugins compatible for Editor in 0.45 ms, found 3 plugins.
Preloading 0 native plugins for Editor in 0.00 ms.
Mono: successfully reloaded assembly
- Completed reload, in  1.165 seconds
Domain Reload Profiling:
	ReloadAssembly (1165ms)
		BeginReloadAssembly (122ms)
			ExecutionOrderSort (0ms)
			DisableScriptedObjects (6ms)
			BackupInstance (0ms)
			ReleaseScriptingObjects (0ms)
			CreateAndSetChildDomain (57ms)
		EndReloadAssembly (982ms)
			LoadAssemblies (83ms)
			RebuildTransferFunctionScriptingTraits (0ms)
			SetupTypeCache (345ms)
			ReleaseScriptCaches (1ms)
			RebuildScriptCaches (60ms)
			SetupLoadedEditorAssemblies (366ms)
				LogAssemblyErrors (0ms)
				InitializePlatformSupportModulesInManaged (6ms)
				SetLoadedEditorAssemblies (1ms)
				RefreshPlugins (0ms)
				BeforeProcessingInitializeOnLoad (124ms)
				ProcessInitializeOnLoadAttributes (217ms)
				ProcessInitializeOnLoadMethodAttributes (17ms)
				AfterProcessingInitializeOnLoad (1ms)
				EditorAssembliesLoaded (0ms)
			ExecutionOrderSort2 (0ms)
			AwakeInstancesAfterBackupRestoration (4ms)
Platform modules already initialized, skipping
Refreshing native plugins compatible for Editor in 0.39 ms, found 3 plugins.
Preloading 0 native plugins for Editor in 0.00 ms.
Unloading 2200 Unused Serialized files (Serialized files now loaded: 0)
System memory in use before: 242.7 MB.
System memory in use after: 242.8 MB.

Unloading 20 unused Assets to reduce memory usage. Loaded Objects now: 2776.
Total: 2.825297 ms (FindLiveObjects: 0.145273 ms CreateObjectMapping: 0.069852 ms MarkObjects: 2.499933 ms  DeleteObjects: 0.109597 ms)

AssetImportParameters requested are different than current active one (requested -> active):
  custom:video-decoder-ogg-theora: a1e56fd34408186e4bbccfd4996cb3dc -> 
  custom:container-muxer-webm: aa71ff27fc2769a1b78a27578f13a17b -> 
  custom:container-demuxer-webm: 4f35f7cbe854078d1ac9338744f61a02 -> 
  custom:container-demuxer-ogg: 62fdf1f143b41e24485cea50d1cbac27 -> 
  custom:video-encoder-webm-vp8: eb34c28f22e8b96e1ab97ce403110664 -> 
  custom:framework-osx-AVFoundation: e770b220cccbd017edd2c1fefb359320 -> 
  custom:video-decoder-webm-vp8: 9c59270c3fd7afecdb556c50c9e8de78 -> 
  custom:audio-decoder-ogg-vorbis: bf7c407c2cedff20999df2af8eb42d56 -> 
  custom:audio-encoder-webm-vorbis: bf7c407c2cedff20999df2af8eb42d56 -> 
========================================================================
Received Prepare
Registering precompiled user dll's ...
Registered in 0.005508 seconds.
Begin MonoManager ReloadAssembly
Native extension for WindowsStandalone target not found
Native extension for OSXStandalone target not found
Refreshing native plugins compatible for Editor in 0.42 ms, found 3 plugins.
Preloading 0 native plugins for Editor in 0.00 ms.
Mono: successfully reloaded assembly
- Completed reload, in  1.280 seconds
Domain Reload Profiling:
	ReloadAssembly (1280ms)
		BeginReloadAssembly (192ms)
			ExecutionOrderSort (0ms)
			DisableScriptedObjects (7ms)
			BackupInstance (0ms)
			ReleaseScriptingObjects (0ms)
			CreateAndSetChildDomain (68ms)
		EndReloadAssembly (1028ms)
			LoadAssemblies (168ms)
			RebuildTransferFunctionScriptingTraits (0ms)
			SetupTypeCache (346ms)
			ReleaseScriptCaches (1ms)
			RebuildScriptCaches (66ms)
			SetupLoadedEditorAssemblies (369ms)
				LogAssemblyErrors (0ms)
				InitializePlatformSupportModulesInManaged (5ms)
				SetLoadedEditorAssemblies (1ms)
				RefreshPlugins (0ms)
				BeforeProcessingInitializeOnLoad (125ms)
				ProcessInitializeOnLoadAttributes (213ms)
				ProcessInitializeOnLoadMethodAttributes (23ms)
				AfterProcessingInitializeOnLoad (1ms)
				EditorAssembliesLoaded (0ms)
			ExecutionOrderSort2 (0ms)
			AwakeInstancesAfterBackupRestoration (4ms)
Platform modules already initialized, skipping
Refreshing native plugins compatible for Editor in 0.47 ms, found 3 plugins.
Preloading 0 native plugins for Editor in 0.00 ms.
Unloading 2200 Unused Serialized files (Serialized files now loaded: 0)
System memory in use before: 242.9 MB.
System memory in use after: 243.0 MB.

Unloading 20 unused Assets to reduce memory usage. Loaded Objects now: 2779.
Total: 2.941250 ms (FindLiveObjects: 0.158444 ms CreateObjectMapping: 0.083138 ms MarkObjects: 2.601537 ms  DeleteObjects: 0.097535 ms)

AssetImportParameters requested are different than current active one (requested -> active):
  custom:video-decoder-ogg-theora: a1e56fd34408186e4bbccfd4996cb3dc -> 
  custom:container-muxer-webm: aa71ff27fc2769a1b78a27578f13a17b -> 
  custom:container-demuxer-webm: 4f35f7cbe854078d1ac9338744f61a02 -> 
  custom:container-demuxer-ogg: 62fdf1f143b41e24485cea50d1cbac27 -> 
  custom:video-encoder-webm-vp8: eb34c28f22e8b96e1ab97ce403110664 -> 
  custom:framework-osx-AVFoundation: e770b220cccbd017edd2c1fefb359320 -> 
  custom:video-decoder-webm-vp8: 9c59270c3fd7afecdb556c50c9e8de78 -> 
  custom:audio-decoder-ogg-vorbis: bf7c407c2cedff20999df2af8eb42d56 -> 
  custom:audio-encoder-webm-vorbis: bf7c407c2cedff20999df2af8eb42d56 -> 
========================================================================
Received Prepare
Registering precompiled user dll's ...
Registered in 0.001384 seconds.
Begin MonoManager ReloadAssembly
Native extension for WindowsStandalone target not found
Native extension for OSXStandalone target not found
Refreshing native plugins compatible for Editor in 0.48 ms, found 3 plugins.
Preloading 0 native plugins for Editor in 0.00 ms.
Mono: successfully reloaded assembly
- Completed reload, in  1.292 seconds
Domain Reload Profiling:
	ReloadAssembly (1293ms)
		BeginReloadAssembly (141ms)
			ExecutionOrderSort (0ms)
			DisableScriptedObjects (8ms)
			BackupInstance (0ms)
			ReleaseScriptingObjects (0ms)
			CreateAndSetChildDomain (70ms)
		EndReloadAssembly (1079ms)
			LoadAssemblies (87ms)
			RebuildTransferFunctionScriptingTraits (0ms)
			SetupTypeCache (367ms)
			ReleaseScriptCaches (1ms)
			RebuildScriptCaches (67ms)
			SetupLoadedEditorAssemblies (423ms)
				LogAssemblyErrors (0ms)
				InitializePlatformSupportModulesInManaged (6ms)
				SetLoadedEditorAssemblies (1ms)
				RefreshPlugins (1ms)
				BeforeProcessingInitializeOnLoad (146ms)
				ProcessInitializeOnLoadAttributes (250ms)
				ProcessInitializeOnLoadMethodAttributes (20ms)
				AfterProcessingInitializeOnLoad (1ms)
				EditorAssembliesLoaded (0ms)
			ExecutionOrderSort2 (0ms)
			AwakeInstancesAfterBackupRestoration (5ms)
Platform modules already initialized, skipping
Refreshing native plugins compatible for Editor in 0.44 ms, found 3 plugins.
Preloading 0 native plugins for Editor in 0.00 ms.
Unloading 2200 Unused Serialized files (Serialized files now loaded: 0)
System memory in use before: 243.1 MB.
System memory in use after: 243.1 MB.

Unloading 20 unused Assets to reduce memory usage. Loaded Objects now: 2782.
Total: 3.267433 ms (FindLiveObjects: 0.248784 ms CreateObjectMapping: 0.139118 ms MarkObjects: 2.750304 ms  DeleteObjects: 0.128538 ms)

AssetImportParameters requested are different than current active one (requested -> active):
  custom:video-decoder-ogg-theora: a1e56fd34408186e4bbccfd4996cb3dc -> 
  custom:container-muxer-webm: aa71ff27fc2769a1b78a27578f13a17b -> 
  custom:container-demuxer-webm: 4f35f7cbe854078d1ac9338744f61a02 -> 
  custom:container-demuxer-ogg: 62fdf1f143b41e24485cea50d1cbac27 -> 
  custom:video-encoder-webm-vp8: eb34c28f22e8b96e1ab97ce403110664 -> 
  custom:framework-osx-AVFoundation: e770b220cccbd017edd2c1fefb359320 -> 
  custom:video-decoder-webm-vp8: 9c59270c3fd7afecdb556c50c9e8de78 -> 
  custom:audio-decoder-ogg-vorbis: bf7c407c2cedff20999df2af8eb42d56 -> 
  custom:audio-encoder-webm-vorbis: bf7c407c2cedff20999df2af8eb42d56 -> 
========================================================================
Received Import Request.
  Time since last request: 644.646067 seconds.
  path: Assets/Script/Scene3/Button.cs
  artifactKey: Guid(985b094f62c6e48b6ba8de59e06fc4d5) Importer(815301076,1909f56bfc062723c751e8b465ee728b)
Start importing Assets/Script/Scene3/Button.cs using Guid(985b094f62c6e48b6ba8de59e06fc4d5) Importer(815301076,1909f56bfc062723c751e8b465ee728b)  -> (artifact id: '1c0ddadbd4cac073506c6e317b652651') in 0.006329 seconds 
========================================================================
Received Prepare
Registering precompiled user dll's ...
Registered in 0.001336 seconds.
Begin MonoManager ReloadAssembly
Native extension for WindowsStandalone target not found
Native extension for OSXStandalone target not found
Refreshing native plugins compatible for Editor in 0.40 ms, found 3 plugins.
Preloading 0 native plugins for Editor in 0.00 ms.
Mono: successfully reloaded assembly
- Completed reload, in  1.160 seconds
Domain Reload Profiling:
	ReloadAssembly (1160ms)
		BeginReloadAssembly (147ms)
			ExecutionOrderSort (0ms)
			DisableScriptedObjects (8ms)
			BackupInstance (0ms)
			ReleaseScriptingObjects (0ms)
			CreateAndSetChildDomain (70ms)
		EndReloadAssembly (948ms)
			LoadAssemblies (86ms)
			RebuildTransferFunctionScriptingTraits (0ms)
			SetupTypeCache (328ms)
			ReleaseScriptCaches (1ms)
			RebuildScriptCaches (60ms)
			SetupLoadedEditorAssemblies (365ms)
				LogAssemblyErrors (0ms)
				InitializePlatformSupportModulesInManaged (5ms)
				SetLoadedEditorAssemblies (1ms)
				RefreshPlugins (0ms)
				BeforeProcessingInitializeOnLoad (125ms)
				ProcessInitializeOnLoadAttributes (216ms)
				ProcessInitializeOnLoadMethodAttributes (17ms)
				AfterProcessingInitializeOnLoad (1ms)
				EditorAssembliesLoaded (0ms)
			ExecutionOrderSort2 (0ms)
			AwakeInstancesAfterBackupRestoration (5ms)
Platform modules already initialized, skipping
Refreshing native plugins compatible for Editor in 0.59 ms, found 3 plugins.
Preloading 0 native plugins for Editor in 0.00 ms.
Unloading 2201 Unused Serialized files (Serialized files now loaded: 0)
System memory in use before: 243.3 MB.
System memory in use after: 243.4 MB.

Unloading 20 unused Assets to reduce memory usage. Loaded Objects now: 2786.
Total: 2.987754 ms (FindLiveObjects: 0.160851 ms CreateObjectMapping: 0.087509 ms MarkObjects: 2.643210 ms  DeleteObjects: 0.095497 ms)

AssetImportParameters requested are different than current active one (requested -> active):
  custom:video-decoder-ogg-theora: a1e56fd34408186e4bbccfd4996cb3dc -> 
  custom:container-muxer-webm: aa71ff27fc2769a1b78a27578f13a17b -> 
  custom:container-demuxer-webm: 4f35f7cbe854078d1ac9338744f61a02 -> 
  custom:container-demuxer-ogg: 62fdf1f143b41e24485cea50d1cbac27 -> 
  custom:video-encoder-webm-vp8: eb34c28f22e8b96e1ab97ce403110664 -> 
  custom:framework-osx-AVFoundation: e770b220cccbd017edd2c1fefb359320 -> 
  custom:video-decoder-webm-vp8: 9c59270c3fd7afecdb556c50c9e8de78 -> 
  custom:audio-decoder-ogg-vorbis: bf7c407c2cedff20999df2af8eb42d56 -> 
  custom:audio-encoder-webm-vorbis: bf7c407c2cedff20999df2af8eb42d56 -> 
========================================================================
Received Prepare
Registering precompiled user dll's ...
Registered in 0.002884 seconds.
Begin MonoManager ReloadAssembly
Native extension for WindowsStandalone target not found
Native extension for OSXStandalone target not found
Refreshing native plugins compatible for Editor in 0.43 ms, found 3 plugins.
Preloading 0 native plugins for Editor in 0.00 ms.
Mono: successfully reloaded assembly
- Completed reload, in  1.205 seconds
Domain Reload Profiling:
	ReloadAssembly (1205ms)
		BeginReloadAssembly (146ms)
			ExecutionOrderSort (0ms)
			DisableScriptedObjects (7ms)
			BackupInstance (0ms)
			ReleaseScriptingObjects (0ms)
			CreateAndSetChildDomain (79ms)
		EndReloadAssembly (990ms)
			LoadAssemblies (79ms)
			RebuildTransferFunctionScriptingTraits (0ms)
			SetupTypeCache (338ms)
			ReleaseScriptCaches (1ms)
			RebuildScriptCaches (59ms)
			SetupLoadedEditorAssemblies (386ms)
				LogAssemblyErrors (0ms)
				InitializePlatformSupportModulesInManaged (5ms)
				SetLoadedEditorAssemblies (1ms)
				RefreshPlugins (0ms)
				BeforeProcessingInitializeOnLoad (130ms)
				ProcessInitializeOnLoadAttributes (230ms)
				ProcessInitializeOnLoadMethodAttributes (18ms)
				AfterProcessingInitializeOnLoad (1ms)
				EditorAssembliesLoaded (0ms)
			ExecutionOrderSort2 (0ms)
			AwakeInstancesAfterBackupRestoration (5ms)
Platform modules already initialized, skipping
Refreshing native plugins compatible for Editor in 0.47 ms, found 3 plugins.
Preloading 0 native plugins for Editor in 0.00 ms.
Unloading 2201 Unused Serialized files (Serialized files now loaded: 0)
System memory in use before: 243.5 MB.
System memory in use after: 243.6 MB.

Unloading 20 unused Assets to reduce memory usage. Loaded Objects now: 2789.
Total: 2.950087 ms (FindLiveObjects: 0.158171 ms CreateObjectMapping: 0.077603 ms MarkObjects: 2.609159 ms  DeleteObjects: 0.104546 ms)

AssetImportParameters requested are different than current active one (requested -> active):
  custom:video-decoder-ogg-theora: a1e56fd34408186e4bbccfd4996cb3dc -> 
  custom:container-muxer-webm: aa71ff27fc2769a1b78a27578f13a17b -> 
  custom:container-demuxer-webm: 4f35f7cbe854078d1ac9338744f61a02 -> 
  custom:container-demuxer-ogg: 62fdf1f143b41e24485cea50d1cbac27 -> 
  custom:video-encoder-webm-vp8: eb34c28f22e8b96e1ab97ce403110664 -> 
  custom:framework-osx-AVFoundation: e770b220cccbd017edd2c1fefb359320 -> 
  custom:video-decoder-webm-vp8: 9c59270c3fd7afecdb556c50c9e8de78 -> 
  custom:audio-decoder-ogg-vorbis: bf7c407c2cedff20999df2af8eb42d56 -> 
  custom:audio-encoder-webm-vorbis: bf7c407c2cedff20999df2af8eb42d56 -> 
========================================================================
Received Prepare
Registering precompiled user dll's ...
Registered in 0.003063 seconds.
Begin MonoManager ReloadAssembly
Native extension for WindowsStandalone target not found
Native extension for OSXStandalone target not found
Refreshing native plugins compatible for Editor in 0.42 ms, found 3 plugins.
Preloading 0 native plugins for Editor in 0.00 ms.
Mono: successfully reloaded assembly
- Completed reload, in  1.201 seconds
Domain Reload Profiling:
	ReloadAssembly (1201ms)
		BeginReloadAssembly (142ms)
			ExecutionOrderSort (0ms)
			DisableScriptedObjects (7ms)
			BackupInstance (0ms)
			ReleaseScriptingObjects (0ms)
			CreateAndSetChildDomain (68ms)
		EndReloadAssembly (995ms)
			LoadAssemblies (84ms)
			RebuildTransferFunctionScriptingTraits (0ms)
			SetupTypeCache (339ms)
			ReleaseScriptCaches (1ms)
			RebuildScriptCaches (65ms)
			SetupLoadedEditorAssemblies (385ms)
				LogAssemblyErrors (0ms)
				InitializePlatformSupportModulesInManaged (5ms)
				SetLoadedEditorAssemblies (1ms)
				RefreshPlugins (0ms)
				BeforeProcessingInitializeOnLoad (134ms)
				ProcessInitializeOnLoadAttributes (226ms)
				ProcessInitializeOnLoadMethodAttributes (17ms)
				AfterProcessingInitializeOnLoad (1ms)
				EditorAssembliesLoaded (0ms)
			ExecutionOrderSort2 (0ms)
			AwakeInstancesAfterBackupRestoration (4ms)
Platform modules already initialized, skipping
Refreshing native plugins compatible for Editor in 0.46 ms, found 3 plugins.
Preloading 0 native plugins for Editor in 0.00 ms.
Unloading 2201 Unused Serialized files (Serialized files now loaded: 0)
System memory in use before: 243.7 MB.
System memory in use after: 243.7 MB.

Unloading 20 unused Assets to reduce memory usage. Loaded Objects now: 2792.
Total: 2.990238 ms (FindLiveObjects: 0.154968 ms CreateObjectMapping: 0.079023 ms MarkObjects: 2.650847 ms  DeleteObjects: 0.104804 ms)

AssetImportParameters requested are different than current active one (requested -> active):
  custom:video-decoder-ogg-theora: a1e56fd34408186e4bbccfd4996cb3dc -> 
  custom:container-muxer-webm: aa71ff27fc2769a1b78a27578f13a17b -> 
  custom:container-demuxer-webm: 4f35f7cbe854078d1ac9338744f61a02 -> 
  custom:container-demuxer-ogg: 62fdf1f143b41e24485cea50d1cbac27 -> 
  custom:video-encoder-webm-vp8: eb34c28f22e8b96e1ab97ce403110664 -> 
  custom:framework-osx-AVFoundation: e770b220cccbd017edd2c1fefb359320 -> 
  custom:video-decoder-webm-vp8: 9c59270c3fd7afecdb556c50c9e8de78 -> 
  custom:audio-decoder-ogg-vorbis: bf7c407c2cedff20999df2af8eb42d56 -> 
  custom:audio-encoder-webm-vorbis: bf7c407c2cedff20999df2af8eb42d56 -> 
========================================================================
Received Import Request.
  Time since last request: 299.967018 seconds.
  path: Assets/Resources/image/Flower/강아지풀.png
  artifactKey: Guid(4462ec2a010a249e1b9a8181497b60e6) Importer(815301076,1909f56bfc062723c751e8b465ee728b)
Start importing Assets/Resources/image/Flower/강아지풀.png using Guid(4462ec2a010a249e1b9a8181497b60e6) Importer(815301076,1909f56bfc062723c751e8b465ee728b)  -> (artifact id: '6b37d974a43b62586022728dfd6d2f36') in 0.061998 seconds 
========================================================================
Received Import Request.
  Time since last request: 0.000163 seconds.
  path: Assets/Resources/image/Flower/수국.png
  artifactKey: Guid(28fd253dcc34b4507b7a62a15ea940da) Importer(815301076,1909f56bfc062723c751e8b465ee728b)
Start importing Assets/Resources/image/Flower/수국.png using Guid(28fd253dcc34b4507b7a62a15ea940da) Importer(815301076,1909f56bfc062723c751e8b465ee728b)  -> (artifact id: 'e6630fe20584a98324988d999016fed5') in 0.015684 seconds 
========================================================================
Received Import Request.
  Time since last request: 0.000160 seconds.
  path: Assets/Resources/image/Flower/동백꽃.png
  artifactKey: Guid(931b1eaf006154d75bef81d36cfa3ebc) Importer(815301076,1909f56bfc062723c751e8b465ee728b)
Start importing Assets/Resources/image/Flower/동백꽃.png using Guid(931b1eaf006154d75bef81d36cfa3ebc) Importer(815301076,1909f56bfc062723c751e8b465ee728b)  -> (artifact id: 'a1873450f698bcf0aaea64972a4b4ae5') in 0.015073 seconds 
========================================================================
Received Import Request.
  Time since last request: 0.000227 seconds.
  path: Assets/Resources/image/Flower/나팔꽃.png
  artifactKey: Guid(dfbb5d5ad24064113a713b81519ddcf0) Importer(815301076,1909f56bfc062723c751e8b465ee728b)
Start importing Assets/Resources/image/Flower/나팔꽃.png using Guid(dfbb5d5ad24064113a713b81519ddcf0) Importer(815301076,1909f56bfc062723c751e8b465ee728b)  -> (artifact id: 'e61b18714a8b1d3842de8516dd5e895c') in 0.015197 seconds 
========================================================================
Received Import Request.
  Time since last request: 0.000157 seconds.
  path: Assets/Resources/image/Flower/해바라기.png
  artifactKey: Guid(bc3f29af4cc3c4a3fb65eb43ef41c7a4) Importer(815301076,1909f56bfc062723c751e8b465ee728b)
Start importing Assets/Resources/image/Flower/해바라기.png using Guid(bc3f29af4cc3c4a3fb65eb43ef41c7a4) Importer(815301076,1909f56bfc062723c751e8b465ee728b)  -> (artifact id: '1f84e1fe1e965f961b9f005b454cf4be') in 0.014576 seconds 
========================================================================
Received Import Request.
  Time since last request: 0.000179 seconds.
  path: Assets/Resources/image/Flower/목화.png
  artifactKey: Guid(d9f003ece1cab42bba47075decda4be2) Importer(815301076,1909f56bfc062723c751e8b465ee728b)
Start importing Assets/Resources/image/Flower/목화.png using Guid(d9f003ece1cab42bba47075decda4be2) Importer(815301076,1909f56bfc062723c751e8b465ee728b)  -> (artifact id: 'dd454217d0773943f78cabb20c8c6c60') in 0.013375 seconds 
========================================================================
Received Import Request.
  Time since last request: 0.000259 seconds.
  path: Assets/Resources/image/Flower/튤립.png
  artifactKey: Guid(b4cfba807554a40f2a036c5fd0012f7d) Importer(815301076,1909f56bfc062723c751e8b465ee728b)
Start importing Assets/Resources/image/Flower/튤립.png using Guid(b4cfba807554a40f2a036c5fd0012f7d) Importer(815301076,1909f56bfc062723c751e8b465ee728b)  -> (artifact id: '51937e156d851e09785ee8d797564d66') in 0.011199 seconds 
========================================================================
Received Import Request.
  Time since last request: 0.000168 seconds.
  path: Assets/Resources/image/Flower/라벤더.png
  artifactKey: Guid(6e46c07e1a6c6401c91a015295795a77) Importer(815301076,1909f56bfc062723c751e8b465ee728b)
Start importing Assets/Resources/image/Flower/라벤더.png using Guid(6e46c07e1a6c6401c91a015295795a77) Importer(815301076,1909f56bfc062723c751e8b465ee728b)  -> (artifact id: '11573c2659c9dcd0517bcb19a4e5b562') in 0.013041 seconds 
========================================================================
Received Import Request.
  Time since last request: 0.000162 seconds.
  path: Assets/Resources/image/Flower/베로니카 조지아블루.png
  artifactKey: Guid(27b30b5be95ea4891ab8a5de82cd2e87) Importer(815301076,1909f56bfc062723c751e8b465ee728b)
Start importing Assets/Resources/image/Flower/베로니카 조지아블루.png using Guid(27b30b5be95ea4891ab8a5de82cd2e87) Importer(815301076,1909f56bfc062723c751e8b465ee728b)  -> (artifact id: '135866cab574b80cc17837228638de02') in 0.013930 seconds 
========================================================================
Received Import Request.
  Time since last request: 0.000169 seconds.
  path: Assets/Resources/image/Flower/프리지아.png
  artifactKey: Guid(76fabbd8789ff47a0809735b0bdbf628) Importer(815301076,1909f56bfc062723c751e8b465ee728b)
Start importing Assets/Resources/image/Flower/프리지아.png using Guid(76fabbd8789ff47a0809735b0bdbf628) Importer(815301076,1909f56bfc062723c751e8b465ee728b)  -> (artifact id: '666f7ceb39dd66b62e9562f84d956790') in 0.016836 seconds 
========================================================================
Received Import Request.
  Time since last request: 0.000160 seconds.
  path: Assets/Resources/image/Flower/꽃다지.png
  artifactKey: Guid(4c7b81d00182c498cb7cd2e43cb850a6) Importer(815301076,1909f56bfc062723c751e8b465ee728b)
Start importing Assets/Resources/image/Flower/꽃다지.png using Guid(4c7b81d00182c498cb7cd2e43cb850a6) Importer(815301076,1909f56bfc062723c751e8b465ee728b)  -> (artifact id: '8663c77db26075bdd341344ae642c9e1') in 0.011571 seconds 
========================================================================
Received Import Request.
  Time since last request: 0.000162 seconds.
  path: Assets/Resources/image/Flower/데이지.png
  artifactKey: Guid(fefae338430e14b4c81a3516d74e02a7) Importer(815301076,1909f56bfc062723c751e8b465ee728b)
Start importing Assets/Resources/image/Flower/데이지.png using Guid(fefae338430e14b4c81a3516d74e02a7) Importer(815301076,1909f56bfc062723c751e8b465ee728b)  -> (artifact id: '756d9f1d1663869f0369ac3bcbfa578e') in 0.014003 seconds 
========================================================================
Received Import Request.
  Time since last request: 11.149189 seconds.
  path: Assets/Resources/image/Flower
  artifactKey: Guid(d71fa8fc96f034ab285c6418d2aa4a00) Importer(815301076,1909f56bfc062723c751e8b465ee728b)
Start importing Assets/Resources/image/Flower using Guid(d71fa8fc96f034ab285c6418d2aa4a00) Importer(815301076,1909f56bfc062723c751e8b465ee728b)  -> (artifact id: '229c4d1e45e421e14a2b858eee4154bd') in 0.001049 seconds 
========================================================================
Received Import Request.
  Time since last request: 1.269674 seconds.
  path: Assets/Resources/image/Background
  artifactKey: Guid(9ef4a1babbc3a4a6495eab66476b9145) Importer(815301076,1909f56bfc062723c751e8b465ee728b)
Start importing Assets/Resources/image/Background using Guid(9ef4a1babbc3a4a6495eab66476b9145) Importer(815301076,1909f56bfc062723c751e8b465ee728b)  -> (artifact id: '9251b328197d637ca9287c43a9c4a016') in 0.000967 seconds 
========================================================================
Received Prepare
Registering precompiled user dll's ...
Registered in 0.002533 seconds.
Begin MonoManager ReloadAssembly
Native extension for WindowsStandalone target not found
Native extension for OSXStandalone target not found
Refreshing native plugins compatible for Editor in 0.42 ms, found 3 plugins.
Preloading 0 native plugins for Editor in 0.00 ms.
Mono: successfully reloaded assembly
- Completed reload, in  1.242 seconds
Domain Reload Profiling:
	ReloadAssembly (1242ms)
		BeginReloadAssembly (129ms)
			ExecutionOrderSort (0ms)
			DisableScriptedObjects (6ms)
			BackupInstance (0ms)
			ReleaseScriptingObjects (0ms)
			CreateAndSetChildDomain (61ms)
		EndReloadAssembly (1042ms)
			LoadAssemblies (83ms)
			RebuildTransferFunctionScriptingTraits (0ms)
			SetupTypeCache (352ms)
			ReleaseScriptCaches (1ms)
			RebuildScriptCaches (69ms)
			SetupLoadedEditorAssemblies (409ms)
				LogAssemblyErrors (0ms)
				InitializePlatformSupportModulesInManaged (6ms)
				SetLoadedEditorAssemblies (1ms)
				RefreshPlugins (0ms)
				BeforeProcessingInitializeOnLoad (142ms)
				ProcessInitializeOnLoadAttributes (240ms)
				ProcessInitializeOnLoadMethodAttributes (19ms)
				AfterProcessingInitializeOnLoad (1ms)
				EditorAssembliesLoaded (0ms)
			ExecutionOrderSort2 (0ms)
			AwakeInstancesAfterBackupRestoration (5ms)
Platform modules already initialized, skipping
Refreshing native plugins compatible for Editor in 0.42 ms, found 3 plugins.
Preloading 0 native plugins for Editor in 0.00 ms.
Unloading 2201 Unused Serialized files (Serialized files now loaded: 0)
System memory in use before: 243.9 MB.
System memory in use after: 243.9 MB.

Unloading 20 unused Assets to reduce memory usage. Loaded Objects now: 2796.
Total: 2.820993 ms (FindLiveObjects: 0.164702 ms CreateObjectMapping: 0.078363 ms MarkObjects: 2.462450 ms  DeleteObjects: 0.114922 ms)

AssetImportParameters requested are different than current active one (requested -> active):
  custom:video-decoder-ogg-theora: a1e56fd34408186e4bbccfd4996cb3dc -> 
  custom:container-muxer-webm: aa71ff27fc2769a1b78a27578f13a17b -> 
  custom:container-demuxer-webm: 4f35f7cbe854078d1ac9338744f61a02 -> 
  custom:container-demuxer-ogg: 62fdf1f143b41e24485cea50d1cbac27 -> 
  custom:video-encoder-webm-vp8: eb34c28f22e8b96e1ab97ce403110664 -> 
  custom:framework-osx-AVFoundation: e770b220cccbd017edd2c1fefb359320 -> 
  custom:video-decoder-webm-vp8: 9c59270c3fd7afecdb556c50c9e8de78 -> 
  custom:audio-decoder-ogg-vorbis: bf7c407c2cedff20999df2af8eb42d56 -> 
  custom:audio-encoder-webm-vorbis: bf7c407c2cedff20999df2af8eb42d56 -> 
========================================================================
Received Prepare
Registering precompiled user dll's ...
Registered in 0.001464 seconds.
Begin MonoManager ReloadAssembly
Native extension for WindowsStandalone target not found
Native extension for OSXStandalone target not found
Refreshing native plugins compatible for Editor in 0.54 ms, found 3 plugins.
Preloading 0 native plugins for Editor in 0.00 ms.
Mono: successfully reloaded assembly
- Completed reload, in  1.307 seconds
Domain Reload Profiling:
	ReloadAssembly (1307ms)
		BeginReloadAssembly (140ms)
			ExecutionOrderSort (0ms)
			DisableScriptedObjects (7ms)
			BackupInstance (0ms)
			ReleaseScriptingObjects (0ms)
			CreateAndSetChildDomain (67ms)
		EndReloadAssembly (1092ms)
			LoadAssemblies (86ms)
			RebuildTransferFunctionScriptingTraits (0ms)
			SetupTypeCache (371ms)
			ReleaseScriptCaches (1ms)
			RebuildScriptCaches (68ms)
			SetupLoadedEditorAssemblies (431ms)
				LogAssemblyErrors (0ms)
				InitializePlatformSupportModulesInManaged (6ms)
				SetLoadedEditorAssemblies (1ms)
				RefreshPlugins (1ms)
				BeforeProcessingInitializeOnLoad (146ms)
				ProcessInitializeOnLoadAttributes (255ms)
				ProcessInitializeOnLoadMethodAttributes (20ms)
				AfterProcessingInitializeOnLoad (2ms)
				EditorAssembliesLoaded (0ms)
			ExecutionOrderSort2 (0ms)
			AwakeInstancesAfterBackupRestoration (6ms)
Platform modules already initialized, skipping
Refreshing native plugins compatible for Editor in 0.46 ms, found 3 plugins.
Preloading 0 native plugins for Editor in 0.00 ms.
Unloading 2201 Unused Serialized files (Serialized files now loaded: 0)
System memory in use before: 244.0 MB.
System memory in use after: 244.1 MB.

Unloading 20 unused Assets to reduce memory usage. Loaded Objects now: 2799.
Total: 3.101247 ms (FindLiveObjects: 0.172671 ms CreateObjectMapping: 0.093967 ms MarkObjects: 2.728279 ms  DeleteObjects: 0.105700 ms)

AssetImportParameters requested are different than current active one (requested -> active):
  custom:video-decoder-ogg-theora: a1e56fd34408186e4bbccfd4996cb3dc -> 
  custom:container-muxer-webm: aa71ff27fc2769a1b78a27578f13a17b -> 
  custom:container-demuxer-webm: 4f35f7cbe854078d1ac9338744f61a02 -> 
  custom:container-demuxer-ogg: 62fdf1f143b41e24485cea50d1cbac27 -> 
  custom:video-encoder-webm-vp8: eb34c28f22e8b96e1ab97ce403110664 -> 
  custom:framework-osx-AVFoundation: e770b220cccbd017edd2c1fefb359320 -> 
  custom:video-decoder-webm-vp8: 9c59270c3fd7afecdb556c50c9e8de78 -> 
  custom:audio-decoder-ogg-vorbis: bf7c407c2cedff20999df2af8eb42d56 -> 
  custom:audio-encoder-webm-vorbis: bf7c407c2cedff20999df2af8eb42d56 -> 
